== Activating: file_watcher
== Activating: front_matter
== Activating: data
== Activating: inline_url_rewriter
== Activating: sitemap_ondisk
== Activating: sitemap_import
== Activating: sitemap_endpoint
== Activating: sitemap_proxies
== Activating: sitemap_redirects
== Activating: sitemap_move_files
== Activating: sitemap_ignore
== Activating: external_helpers
== Activating: erb_renderer
== Activating: coffee_renderer
== Activating: haml_renderer
== Activating: sass_renderer
== Activating: markdown_renderer
== Failed Activation `liquid_renderer` : cannot load such file -- liquid
== Activating: slim_renderer
== Failed Activation `less_renderer` : cannot load such file -- less
== Failed Activation `stylus_renderer` : cannot load such file -- stylus
== Activating: default_helpers
== Activating: lorem
== Activating: routing
== Activating: collections
== Change (#<Set: {:source}>): explain.html.slim
== Change (#<Set: {:source, :no_frontmatter}>): _main_nav.slim
== Change (#<Set: {:source, :no_frontmatter}>): _query.slim
== Change (#<Set: {:source, :no_frontmatter}>): _sub_nav.slim
== Change (#<Set: {:source}>): images/favicon.ico
== Change (#<Set: {:source}>): images/work4.png
== Change (#<Set: {:source}>): images/work3.png
== Change (#<Set: {:source}>): images/logo_mark.png
== Change (#<Set: {:source}>): images/work2.png
== Change (#<Set: {:source}>): images/apple-touch-icon-180x180.png
== Change (#<Set: {:source}>): images/work1.png
== Change (#<Set: {:source}>): images/top3.jpg
== Change (#<Set: {:source}>): images/top2.jpg
== Change (#<Set: {:source}>): images/menu.jpg
== Change (#<Set: {:source}>): images/top1.jpg
== Change (#<Set: {:source}>): images/logo_letter.png
== Change (#<Set: {:source, :no_frontmatter}>): _explain.slim
== Change (#<Set: {:source, :no_frontmatter}>): _catchphrase.slim
== Change (#<Set: {:source, :no_frontmatter}>): _hero.slim
== Change (#<Set: {:source, :no_frontmatter}>): _footer.slim
== Change (#<Set: {:source}>): index.html.slim
== Change (#<Set: {:source}>): flow.html.slim
== Change (#<Set: {:source, :no_frontmatter}>): _header.slim
== Change (#<Set: {:source}>): success.html.slim
== Change (#<Set: {:source}>): contact.html.slim
== Change (#<Set: {:source}>): repair.html.slim
== Change (#<Set: {:source}>): layouts/site.slim
== Change (#<Set: {:source}>): layouts/layout_sample.slim
== Change (#<Set: {:source}>): layouts/top.slim
== Change (#<Set: {:source}>): price.html.slim
== Change (#<Set: {:source, :no_frontmatter}>): _fixed_footer.slim
== Change (#<Set: {:source}>): recruit.html.slim
== Change (#<Set: {:source, :no_frontmatter}>): _network.slim
== Change (#<Set: {:source}>): service.html.slim
== Change (#<Set: {:source, :no_frontmatter}>): _sns.slim
== Change (#<Set: {:source, :no_frontmatter}>): _work.slim
== Change (#<Set: {:source}>): about.html.slim
== Change (#<Set: {:source}>): work.html.slim
== Change (#<Set: {:source}>): stylesheets/layout/layout.scss
== Change (#<Set: {:source, :no_frontmatter}>): stylesheets/layout/_images.scss
== Change (#<Set: {:source, :no_frontmatter}>): stylesheets/layout/_grid.scss
== Change (#<Set: {:source}>): stylesheets/foundation/foundation.scss
== Change (#<Set: {:source}>): stylesheets/foundation/modern-css-reset.css
== Change (#<Set: {:source}>): stylesheets/style.css.scss
== Change (#<Set: {:source, :no_frontmatter}>): stylesheets/object/_network.scss
== Change (#<Set: {:source, :no_frontmatter}>): stylesheets/object/_fixed_footer.scss
== Change (#<Set: {:source, :no_frontmatter}>): stylesheets/object/_work.scss
== Change (#<Set: {:source}>): stylesheets/object/object.scss
== Change (#<Set: {:source, :no_frontmatter}>): stylesheets/object/_sns.scss
== Change (#<Set: {:source, :no_frontmatter}>): stylesheets/object/_title.scss
== Change (#<Set: {:source, :no_frontmatter}>): stylesheets/object/_table.scss
== Change (#<Set: {:source, :no_frontmatter}>): stylesheets/object/_query.scss
== Change (#<Set: {:source, :no_frontmatter}>): stylesheets/object/_body.scss
== Change (#<Set: {:source, :no_frontmatter}>): stylesheets/object/_main_nav.scss
== Change (#<Set: {:source, :no_frontmatter}>): stylesheets/object/_iro.scss
== Change (#<Set: {:source, :no_frontmatter}>): stylesheets/object/_sub_nav.scss
== Change (#<Set: {:source, :no_frontmatter}>): stylesheets/object/_footer.scss
== Change (#<Set: {:source, :no_frontmatter}>): stylesheets/object/_hero.scss
== Change (#<Set: {:source, :no_frontmatter}>): stylesheets/object/_catchphrase.scss
== Change (#<Set: {:source, :no_frontmatter}>): stylesheets/object/_section.scss
== Change (#<Set: {:source, :no_frontmatter}>): stylesheets/object/_explain.scss
== Change (#<Set: {:source, :no_frontmatter}>): stylesheets/object/_form.scss
== Change (#<Set: {:source, :no_frontmatter}>): stylesheets/object/_header.scss
== Change (#<Set: {:source, :no_frontmatter}>): stylesheets/utility/_link_style.scss
== Change (#<Set: {:source, :no_frontmatter}>): stylesheets/utility/_iro.scss
== Change (#<Set: {:source, :no_frontmatter}>): stylesheets/utility/_spacing.scss
== Change (#<Set: {:source}>): stylesheets/utility/utility.scss
== Change (#<Set: {:source}>): special_work.html.slim
== Rebuilding resource list
== Reading: Local config: config.rb
== Activating: livereload
== Activating: relative_assets
== Activating: autoprefixer
== Requesting resource list rebuilding: first_run_change_page
== Requesting resource list rebuilding: first_run_change_page
== Requesting resource list rebuilding: first_run_change_page
== Activating: imageoptim
Loaded extensions:
== Extension: file_watcher
== Extension: front_matter
== Extension: data
== Extension: inline_url_rewriter
== Extension: sitemap_ondisk
== Extension: sitemap_import
== Extension: sitemap_endpoint
== Extension: sitemap_proxies
== Extension: sitemap_redirects
== Extension: sitemap_move_files
== Extension: sitemap_ignore
== Extension: external_helpers
== Extension: erb_renderer
== Extension: coffee_renderer
== Extension: haml_renderer
== Extension: sass_renderer
== Extension: markdown_renderer
== Extension: slim_renderer
== Extension: default_helpers
== Extension: lorem
== Extension: routing
== Extension: collections
== Extension: livereload
== Extension: relative_assets
== Extension: autoprefixer
== Extension: imageoptim
== Change (#<Set: {:source}>): explain.html.slim
== Change (#<Set: {:source, :no_frontmatter}>): _main_nav.slim
== Change (#<Set: {:source, :no_frontmatter}>): _query.slim
== Change (#<Set: {:source, :no_frontmatter}>): _sub_nav.slim
== Change (#<Set: {:source}>): images/favicon.ico
== Change (#<Set: {:source}>): images/work4.png
== Change (#<Set: {:source}>): images/work3.png
== Change (#<Set: {:source}>): images/logo_mark.png
== Change (#<Set: {:source}>): images/work2.png
== Change (#<Set: {:source}>): images/apple-touch-icon-180x180.png
== Change (#<Set: {:source}>): images/work1.png
== Change (#<Set: {:source}>): images/top3.jpg
== Change (#<Set: {:source}>): images/top2.jpg
== Change (#<Set: {:source}>): images/menu.jpg
== Change (#<Set: {:source}>): images/top1.jpg
== Change (#<Set: {:source}>): images/logo_letter.png
== Change (#<Set: {:source, :no_frontmatter}>): _explain.slim
== Change (#<Set: {:source, :no_frontmatter}>): _catchphrase.slim
== Change (#<Set: {:source, :no_frontmatter}>): _hero.slim
== Change (#<Set: {:source, :no_frontmatter}>): _footer.slim
== Change (#<Set: {:source}>): index.html.slim
== Change (#<Set: {:source}>): flow.html.slim
== Change (#<Set: {:source, :no_frontmatter}>): _header.slim
== Change (#<Set: {:source}>): success.html.slim
== Change (#<Set: {:source}>): contact.html.slim
== Change (#<Set: {:source}>): repair.html.slim
== Change (#<Set: {:source}>): layouts/site.slim
== Change (#<Set: {:source}>): layouts/layout_sample.slim
== Change (#<Set: {:source}>): layouts/top.slim
== Change (#<Set: {:source}>): price.html.slim
== Change (#<Set: {:source, :no_frontmatter}>): _fixed_footer.slim
== Change (#<Set: {:source}>): recruit.html.slim
== Change (#<Set: {:source, :no_frontmatter}>): _network.slim
== Change (#<Set: {:source}>): service.html.slim
== Change (#<Set: {:source, :no_frontmatter}>): _sns.slim
== Change (#<Set: {:source, :no_frontmatter}>): _work.slim
== Change (#<Set: {:source}>): about.html.slim
== Change (#<Set: {:source}>): work.html.slim
== Change (#<Set: {:source}>): stylesheets/layout/layout.scss
== Change (#<Set: {:source, :no_frontmatter}>): stylesheets/layout/_images.scss
== Change (#<Set: {:source, :no_frontmatter}>): stylesheets/layout/_grid.scss
== Change (#<Set: {:source}>): stylesheets/foundation/foundation.scss
== Change (#<Set: {:source}>): stylesheets/foundation/modern-css-reset.css
== Change (#<Set: {:source}>): stylesheets/style.css.scss
== Change (#<Set: {:source, :no_frontmatter}>): stylesheets/object/_network.scss
== Change (#<Set: {:source, :no_frontmatter}>): stylesheets/object/_fixed_footer.scss
== Change (#<Set: {:source, :no_frontmatter}>): stylesheets/object/_work.scss
== Change (#<Set: {:source}>): stylesheets/object/object.scss
== Change (#<Set: {:source, :no_frontmatter}>): stylesheets/object/_sns.scss
== Change (#<Set: {:source, :no_frontmatter}>): stylesheets/object/_title.scss
== Change (#<Set: {:source, :no_frontmatter}>): stylesheets/object/_table.scss
== Change (#<Set: {:source, :no_frontmatter}>): stylesheets/object/_query.scss
== Change (#<Set: {:source, :no_frontmatter}>): stylesheets/object/_body.scss
== Change (#<Set: {:source, :no_frontmatter}>): stylesheets/object/_main_nav.scss
== Change (#<Set: {:source, :no_frontmatter}>): stylesheets/object/_iro.scss
== Change (#<Set: {:source, :no_frontmatter}>): stylesheets/object/_sub_nav.scss
== Change (#<Set: {:source, :no_frontmatter}>): stylesheets/object/_footer.scss
== Change (#<Set: {:source, :no_frontmatter}>): stylesheets/object/_hero.scss
== Change (#<Set: {:source, :no_frontmatter}>): stylesheets/object/_catchphrase.scss
== Change (#<Set: {:source, :no_frontmatter}>): stylesheets/object/_section.scss
== Change (#<Set: {:source, :no_frontmatter}>): stylesheets/object/_explain.scss
== Change (#<Set: {:source, :no_frontmatter}>): stylesheets/object/_form.scss
== Change (#<Set: {:source, :no_frontmatter}>): stylesheets/object/_header.scss
== Change (#<Set: {:source, :no_frontmatter}>): stylesheets/utility/_link_style.scss
== Change (#<Set: {:source, :no_frontmatter}>): stylesheets/utility/_iro.scss
== Change (#<Set: {:source, :no_frontmatter}>): stylesheets/utility/_spacing.scss
== Change (#<Set: {:source}>): stylesheets/utility/utility.scss
== Change (#<Set: {:source}>): special_work.html.slim
== Rebuilding resource list
== Requesting resource list rebuilding: touched_file
== Requesting resource list rebuilding: registered_new_manipulator_front_matter
== Requesting resource list rebuilding: registered_new_manipulator_sitemap_ondisk
== Requesting resource list rebuilding: registered_new_manipulator_sitemap_import
== Requesting resource list rebuilding: registered_new_manipulator_sitemap_endpoint
== Requesting resource list rebuilding: registered_new_manipulator_sitemap_proxies
== Requesting resource list rebuilding: registered_new_manipulator_sitemap_redirects
== Requesting resource list rebuilding: registered_new_manipulator_sitemap_move_files
== Requesting resource list rebuilding: registered_new_manipulator_sitemap_ignore
== Requesting resource list rebuilding: registered_new_manipulator_routing
== Requesting resource list rebuilding: registered_new_manipulator_routing
== Requesting resource list rebuilding: registered_new_manipulator_collections
== Requesting resource list rebuilding: registered_new_manipulator_imageoptim
== Rebuilding resource list
== Running manipulator: sitemap_ondisk (0)
== Running manipulator: sitemap_endpoint (0)
== Running manipulator: sitemap_proxies (0)
== Running manipulator: sitemap_redirects (0)
== Running manipulator: sitemap_ignore (0)
== Running manipulator: sitemap_import (1)
== Running manipulator: routing (10)
== Running manipulator: front_matter (20)
== Running manipulator: imageoptim (50)
== Running manipulator: sitemap_move_files (101)
== Running manipulator: collections (110)
== Running manipulator: routing (130)
== Prerendering CSS
== Request: /stylesheets/foundation/modern-css-reset.css
== Finishing Request: stylesheets/foundation/modern-css-reset.css (0.0s)
== Request: /stylesheets/style.css
== Finishing Request: stylesheets/style.css (0.03s)
   identical  build/stylesheets/foundation/modern-css-reset.css
     updated  build/stylesheets/style.css
== Building files
   identical  build/images/apple-touch-icon-180x180.png
   identical  build/images/logo_letter.png
   identical  build/images/logo_mark.png
   identical  build/images/work4.png
   identical  build/images/work2.png
   identical  build/images/top3.jpg
   identical  build/images/work1.png
   identical  build/images/work3.png
   identical  build/images/top2.jpg
   identical  build/images/top1.jpg
   identical  build/images/menu.jpg
   identical  build/images/favicon.ico
== Request: /imageoptim.manifest.yml
== Finishing Request: imageoptim.manifest.yml (0.0s)
   identical  build/imageoptim.manifest.yml
== Request: /stylesheets/foundation/foundation
== Finishing Request: stylesheets/foundation/foundation (0.01s)
   identical  build/stylesheets/foundation/foundation
== Request: /stylesheets/utility/utility
== Finishing Request: stylesheets/utility/utility (0.01s)
   identical  build/stylesheets/utility/utility
== Request: /stylesheets/object/object
== Finishing Request: stylesheets/object/object (0.03s)
     updated  build/stylesheets/object/object
== Request: /success.html
== Finishing Request: success.html (0.1s)
   identical  build/success.html
== Request: /special_work.html
== Finishing Request: special_work.html (0.11s)
      create  build/special_work.html
== Request: /contact.html
== Finishing Request: contact.html (0.1s)
     updated  build/contact.html
== Request: /price.html
== Finishing Request: price.html (0.1s)
      create  build/price.html
== Request: /stylesheets/layout/layout
== Finishing Request: stylesheets/layout/layout (0.01s)
   identical  build/stylesheets/layout/layout
== Request: /explain.html
== Finishing Request: explain.html (0.11s)
      create  build/explain.html
== Request: /repair.html
== Finishing Request: repair.html (0.11s)
      create  build/repair.html
== Request: /flow.html
== Finishing Request: flow.html (0.11s)
      create  build/flow.html
== Request: /service.html
== Finishing Request: service.html (0.1s)
      create  build/service.html
== Request: /recruit.html
== Finishing Request: recruit.html (0.11s)
      create  build/recruit.html
== Request: /about.html
== Finishing Request: about.html (0.1s)
      create  build/about.html
== Request: /work.html
== Finishing Request: work.html (0.11s)
      create  build/work.html
== Request: /index.html
== Finishing Request: index.html (0.22s)
     updated  build/index.html
  imageoptim  build/images/logo_letter.png (66.89% / 3KiB smaller)
  imageoptim  build/images/top3.jpg (18.70% / 32KiB smaller)
  imageoptim  build/images/top1.jpg (15.59% / 26KiB smaller)
  imageoptim  build/images/top2.jpg (15.91% / 27KiB smaller)
  imageoptim  build/images/menu.jpg (10.37% / 34KiB smaller)
  imageoptim  build/images/apple-touch-icon-180x180.png (28.73% / 3KiB smaller)
  imageoptim  build/images/logo_mark.png (33.40% / 8KiB smaller)
  imageoptim  build/images/work2.png (26.44% / 45KiB smaller)
  imageoptim  build/images/work1.png (28.17% / 49KiB smaller)
  imageoptim  build/images/work3.png (26.81% / 48KiB smaller)
  imageoptim  build/images/work4.png (28.09% / 49KiB smaller)
  imageoptim  build/imageoptim.manifest.yml updated
  imageoptim  Total savings: 329KiB
Project built successfully.
